2025/10/27 07:06:55 Starting Login Service...
[2m7:06AM[0m [92mINF[0m actor system started [2mlib=[0mProto.Actor [2msystem=[0mJo75VKBuupJzRpmCepadE6 [2mid=[0mJo75VKBuupJzRpmCepadE6
2025/10/27 07:06:55 LoginActor: unknown message type *actor.Started
2025/10/27 07:06:55 NATS handlers registered for login service
2025/10/27 07:06:55 Login service started successfully
2025/10/27 07:06:55 Login service HTTP server listening on port 8001
2025/10/27 07:06:55 HTTP server error: listen tcp :8001: bind: Only one usage of each socket address (protocol/network address/port) is normally permitted.
[2m7:16AM[0m [92mINF[0m [DeadLetter] [2mlib=[0mProto.Actor [2msystem=[0mJo75VKBuupJzRpmCepadE6 [2mpid=[0m<nil> [2mmessage=[0m"&{Success:false Message:ç”¨æˆ·ä¸å­˜åœ¨ PlayerID: Token:}" [2msender=[0m<nil>
[2m7:17AM[0m [92mINF[0m [DeadLetter] [2mlib=[0mProto.Actor [2msystem=[0mJo75VKBuupJzRpmCepadE6 [2mpid=[0m<nil> [2mmessage=[0m"&{Success:false Message:ç”¨æˆ·ä¸å­˜åœ¨ PlayerID: Token:}" [2msender=[0m<nil>
[2m7:18AM[0m [92mINF[0m [DeadLetter] [2mlib=[0mProto.Actor [2msystem=[0mJo75VKBuupJzRpmCepadE6 [2mpid=[0m<nil> [2mmessage=[0m"&{Success:false Message:ç”¨æˆ·ä¸å­˜åœ¨ PlayerID: Token:}" [2msender=[0m<nil>
[2m7:18AM[0m [92mINF[0m [DeadLetter] [2mlib=[0mProto.Actor [2msystem=[0mJo75VKBuupJzRpmCepadE6 [2mpid=[0m<nil> [2mmessage=[0m"&{Success:false Message:ç”¨æˆ·ä¸å­˜åœ¨ PlayerID: Token:}" [2msender=[0m<nil>
[2m7:19AM[0m [92mINF[0m [DeadLetter] [2mlib=[0mProto.Actor [2msystem=[0mJo75VKBuupJzRpmCepadE6 [2mpid=[0m<nil> [2mmessage=[0m"&{Success:false Message:ç”¨æˆ·ä¸å­˜åœ¨ PlayerID: Token:}" [2msender=[0m<nil>
[2m7:22AM[0m [92mINF[0m [DeadLetter] [2mlib=[0mProto.Actor [2msystem=[0mJo75VKBuupJzRpmCepadE6 [2mpid=[0m<nil> [2mmessage=[0m"&{Success:false Message:ç”¨æˆ·ä¸å­˜åœ¨ PlayerID: Token:}" [2msender=[0m<nil>
[2m7:23AM[0m [92mINF[0m [DeadLetter] [2mlib=[0mProto.Actor [2msystem=[0mJo75VKBuupJzRpmCepadE6 [2mpid=[0m<nil> [2mmessage=[0m"&{Success:false Message:ç”¨æˆ·ä¸å­˜åœ¨ PlayerID: Token:}" [2msender=[0m<nil>
[2m7:26AM[0m [92mINF[0m [DeadLetter] [2mlib=[0mProto.Actor [2msystem=[0mJo75VKBuupJzRpmCepadE6 [2mpid=[0m<nil> [2mmessage=[0m"&{Success:false Message:ç”¨æˆ·ä¸å­˜åœ¨ PlayerID: Token:}" [2msender=[0m<nil>
[2m7:26AM[0m [92mINF[0m [DeadLetter] [2mlib=[0mProto.Actor [2msystem=[0mJo75VKBuupJzRpmCepadE6 [2mpid=[0m<nil> [2mmessage=[0m"&{Success:true Message:æ³¨å†ŒæˆåŠŸ PlayerID:e7cf6f2087d84613}" [2msender=[0m<nil>
[2m7:27AM[0m [92mINF[0m [DeadLetter] [2mlib=[0mProto.Actor [2msystem=[0mJo75VKBuupJzRpmCepadE6 [2mpid=[0m<nil> [2mmessage=[0m"&{Success:false Message:ç”¨æˆ·ä¸å­˜åœ¨ PlayerID: Token:}" [2msender=[0m<nil>
[2m7:28AM[0m [92mINF[0m [DeadLetter] [2mlib=[0mProto.Actor [2msystem=[0mJo75VKBuupJzRpmCepadE6 [2mpid=[0m<nil> [2mmessage=[0m"&{Success:false Message:ç”¨æˆ·ä¸å­˜åœ¨ PlayerID: Token:}" [2msender=[0m<nil>
[2m7:29AM[0m [92mINF[0m [DeadLetter] [2mlib=[0mProto.Actor [2msystem=[0mJo75VKBuupJzRpmCepadE6 [2mpid=[0m<nil> [2mmessage=[0m"&{Success:false Message:ç”¨æˆ·ä¸å­˜åœ¨ PlayerID: Token:}" [2msender=[0m<nil>
[2m7:30AM[0m [92mINF[0m [DeadLetter] [2mlib=[0mProto.Actor [2msystem=[0mJo75VKBuupJzRpmCepadE6 [2mpid=[0m<nil> [2mmessage=[0m"&{Success:false Message:ç”¨æˆ·ä¸å­˜åœ¨ PlayerID: Token:}" [2msender=[0m<nil>
[2m7:30AM[0m [92mINF[0m [DeadLetter] [2mlib=[0mProto.Actor [2msystem=[0mJo75VKBuupJzRpmCepadE6 [2mpid=[0m<nil> [2mmessage=[0m"&{Success:false Message:ç”¨æˆ·ä¸å­˜åœ¨ PlayerID: Token:}" [2msender=[0m<nil>
